c:\users\user\source\repos\cudaaes\cudaaes\x64\debug\aescore.cu.obj
c:\users\user\source\repos\cudaaes\cudaaes\x64\debug\aesfile.cu.obj
c:\users\user\source\repos\cudaaes\cudaaes\x64\debug\aeskernel.cu.obj
c:\users\user\source\repos\cudaaes\x64\debug\cudaaes.lib
c:\users\user\source\repos\cudaaes\x64\debug\cudaaes.exp
c:\users\user\source\repos\cudaaes\cudaaes\x64\debug\aescore.cu.cache
c:\users\user\source\repos\cudaaes\cudaaes\x64\debug\aesfile.cu.cache
c:\users\user\source\repos\cudaaes\cudaaes\x64\debug\aeskernel.cu.cache
c:\users\user\source\repos\cudaaes\cudaaes\x64\debug\vc143.pdb
c:\users\user\source\repos\cudaaes\x64\debug\cudaaes.pdb
c:\users\user\source\repos\cudaaes\cudaaes\x64\debug\cudaaes.tlog\cudacompile.read.1u.tlog
c:\users\user\source\repos\cudaaes\cudaaes\x64\debug\cudaaes.tlog\cudacompile.write.1u.tlog
c:\users\user\source\repos\cudaaes\cudaaes\x64\debug\cudaaes.tlog\link-cvtres.read.1.tlog
c:\users\user\source\repos\cudaaes\cudaaes\x64\debug\cudaaes.tlog\link-cvtres.write.1.tlog
c:\users\user\source\repos\cudaaes\cudaaes\x64\debug\cudaaes.tlog\link-rc.read.1.tlog
c:\users\user\source\repos\cudaaes\cudaaes\x64\debug\cudaaes.tlog\link-rc.write.1.tlog
c:\users\user\source\repos\cudaaes\cudaaes\x64\debug\cudaaes.tlog\link.20724-cvtres.read.1.tlog
c:\users\user\source\repos\cudaaes\cudaaes\x64\debug\cudaaes.tlog\link.20724-cvtres.write.1.tlog
c:\users\user\source\repos\cudaaes\cudaaes\x64\debug\cudaaes.tlog\link.20724-rc.read.1.tlog
c:\users\user\source\repos\cudaaes\cudaaes\x64\debug\cudaaes.tlog\link.20724-rc.write.1.tlog
c:\users\user\source\repos\cudaaes\cudaaes\x64\debug\cudaaes.tlog\link.20724.read.1.tlog
c:\users\user\source\repos\cudaaes\cudaaes\x64\debug\cudaaes.tlog\link.20724.read.3.tlog
c:\users\user\source\repos\cudaaes\cudaaes\x64\debug\cudaaes.tlog\link.20724.write.1.tlog
c:\users\user\source\repos\cudaaes\cudaaes\x64\debug\cudaaes.tlog\link.command.1.tlog
c:\users\user\source\repos\cudaaes\cudaaes\x64\debug\cudaaes.tlog\link.read.1.tlog
c:\users\user\source\repos\cudaaes\cudaaes\x64\debug\cudaaes.tlog\link.read.2.tlog
c:\users\user\source\repos\cudaaes\cudaaes\x64\debug\cudaaes.tlog\link.write.1.tlog
c:\users\user\source\repos\cudaaes\cudaaes\x64\debug\cudaaes.tlog\link.write.2u.tlog
